<?xml version="1.0"?>
<testsuite name="Chrome Headless 134.0.0.0 (Windows 10)" package="" timestamp="2025-03-27T07:16:14" id="0" hostname="Jihee" tests="3" errors="0" failures="2" time="0.096">
  <properties>
    <property name="browser.fullName" value="Mozilla/5.0 (Windows NT 10.0; Win64; x64) AppleWebKit/537.36 (KHTML, like Gecko) HeadlessChrome/134.0.0.0 Safari/537.36"/>
  </properties>
  <testcase name="AppComponent should have the 'front-end' title" time="0.074" classname="AppComponent">
    <failure type="">Expected 'JIhee g front-end' to equal 'front-end'.
    at &lt;Jasmine&gt;
    at UserContext.apply (src/app/app.component.spec.ts:20:23)
    at _ZoneDelegate.invoke (node_modules/zone.js/fesm2015/zone.js:369:28)
    at ProxyZoneSpec.onInvoke (node_modules/zone.js/fesm2015/zone-testing.js:2082:39)
    at _ZoneDelegate.invoke (node_modules/zone.js/fesm2015/zone.js:368:34)
</failure>
  </testcase>
  <testcase name="AppComponent should render title" time="0.016" classname="AppComponent">
    <failure type="">Expected 'Hello, JIhee g front-end' to contain 'Hello, front-end'.
    at &lt;Jasmine&gt;
    at UserContext.apply (src/app/app.component.spec.ts:27:55)
    at _ZoneDelegate.invoke (node_modules/zone.js/fesm2015/zone.js:369:28)
    at ProxyZoneSpec.onInvoke (node_modules/zone.js/fesm2015/zone-testing.js:2082:39)
    at _ZoneDelegate.invoke (node_modules/zone.js/fesm2015/zone.js:368:34)
</failure>
  </testcase>
  <testcase name="AppComponent should create the app" time="0.006" classname="AppComponent"/>
  <system-out>
    <![CDATA[
]]>
  </system-out>
  <system-err/>
</testsuite>